Debug information for CONTRACT_TYPE 'SCAN_M700':

Configuration:
CONTRACT_TYPE
{
	prestige = Significant
	prestige = Trivial
	advanceFunds = Random(2000, 10000.0)
	failureFunds = Random(1000, 10000.0)
	failureReputation = 1
	rewardFunds = Random(45000, 70000.0)
	rewardReputation = 1
	rewardScience = 0
	targetBody = @/targetBody4
	autoAccept = false
	declinable = true
	cancellable = true
	deadline = Random(300, 500) * @/targetBody4.Multiplier()
	maxExpiry = 7
	minExpiry = 1
	completedMessage = Look at all those lovely resources. We'll have to get a survey team together!
	synopsis = Scan @/targetBody4 with the M700 Scanner
	notes = Scanning can take place while the vessel is not loaded.
	agent = SCAN: Scientific Committee on Advanced Navigation
	motivation = Scanning
	subject = Kerbal
	topic = Science
	group = ScanSatOfficial
	genericTitle = Scan a body for resouces.
	title = Scan @/targetBody4 for resources
	name = SCAN_M700
	DATA
	{
		title = Must have orbited the target body.
		targetBody4 = Prestige() == Trivial ? @ScanSatOfficial:p1Bodies.SelectUnique() : @ScanSatOfficial:p2Bodies.SelectUnique()
		uniquenessCheck = CONTRACT_ALL
		requiredValue = true
		type = CelestialBody
	}
	DATA
	{
		minScan4 = 70 + @diffModifier4
		scanRequired4 = 75 + @diffModifier4
		diffModifier4 = Prestige() == Trivial ? 0 : 10
		type = double
	}
	PARAMETER
	{
		scanType = FuzzyResources
		coverage = @/scanRequired4
		targetBody = @/targetBody4
		type = SCANsatCoverage
		name = SCANsatCoverage
	}
	REQUIREMENT
	{
		title = Must have scanned less than @/minScan4% of the target body.
		scanType = FuzzyResources
		maxCoverage = @/minScan4
		minCoverage = 0.0
		targetBody = @/targetBody4
		type = SCANsatCoverage
		name = SCANsatCoverage
	}
	REQUIREMENT
	{
		targetBody = HomeWorld()
		type = Orbit
		name = Orbit
	}
	REQUIREMENT
	{
		targetBody = @/targetBody
		part = SurveyScanner
		type = PartUnlocked
		name = PartUnlocked
	}
}

Data Nodes:
SCAN_M700
    ScanSatOfficial:name = ScanSatOfficial, deterministic = True
    ScanSatOfficial:displayName = ScanSat Official, deterministic = True
    ScanSatOfficial:minVersion = 1.15.0, deterministic = True
    ScanSatOfficial:maxCompletions = 0, deterministic = True
    ScanSatOfficial:maxSimultaneous = 3, deterministic = True
    ScanSatOfficial:disabledContractType = [], deterministic = True
    ScanSatOfficial:agent = Contracts.Agents.Agent, deterministic = True
    ScanSatOfficial:sortKey = ScanSat Official, deterministic = True
    ScanSatOfficial:tip = , deterministic = True
    ScanSatOfficial:p1Bodies = [ Kerbin (CelestialBody), Mun (CelestialBody), Minmus (CelestialBody) ], deterministic = True
    ScanSatOfficial:p2Bodies = [], deterministic = False
    ScanSatOfficial:p3Bodies = [], deterministic = False
    name = SCAN_M700, deterministic = True
    trace = False, deterministic = True
    title = Scan Minmus for resources, deterministic = False
    tag = , deterministic = True
    description = null, deterministic = True
    topic = Science, deterministic = True
    subject = Kerbal, deterministic = True
    notes = Scanning can take place while the vessel is not loaded., deterministic = True
    synopsis = Scan Minmus with the M700 Scanner, deterministic = False
    completedMessage = Look at all those lovely resources. We'll have to get a survey team together!, deterministic = True
    agent = Contracts.Agents.Agent, deterministic = True
    minExpiry = 1, deterministic = True
    maxExpiry = 7, deterministic = True
    deadline = 1248.344, deterministic = False
    cancellable = True, deterministic = True
    declinable = True, deterministic = True
    autoAccept = False, deterministic = True
    prestige = [ Trivial, Significant ], deterministic = True
    targetBody = Minmus (CelestialBody), deterministic = False
    maxCompletions = 0, deterministic = True
    maxSimultaneous = 4, deterministic = True
    rewardFunds = 57188.16, deterministic = False
    rewardReputation = 1, deterministic = True
    rewardScience = 0, deterministic = True
    failureFunds = 5120.893, deterministic = False
    failureReputation = 1, deterministic = True
    advanceFunds = 9278.094, deterministic = False
    targetBody4 = Minmus (CelestialBody), deterministic = False
    diffModifier4 = 0, deterministic = False
    scanRequired4 = 75, deterministic = False
    minScan4 = 70, deterministic = False
    genericTitle = Scan a body for resouces., deterministic = True
    genericDescription = null, deterministic = True
    sortKey = Scan a body for resouces., deterministic = True

	SCANsatCoverage
	    type = SCANsatCoverage, deterministic = True
	    name = SCANsatCoverage, deterministic = True
	    targetBody = Minmus (CelestialBody), deterministic = False
	    rewardFunds = 0, deterministic = True
	    rewardReputation = 0, deterministic = True
	    rewardScience = 0, deterministic = True
	    failureFunds = 0, deterministic = True
	    failureReputation = 0, deterministic = True
	    optional = False, deterministic = True
	    disableOnStateChange = null, deterministic = True
	    completeInSequence = False, deterministic = True
	    hidden = False, deterministic = True
	    hideChildren = False, deterministic = True
	    title = null, deterministic = True
	    notes = null, deterministic = True
	    completedMessage = null, deterministic = True
	    coverage = 75, deterministic = False
	    scanType = FuzzyResources, deterministic = True
	
	SCANsatCoverage_1
	    type = SCANsatCoverage, deterministic = True
	    name = SCANsatCoverage, deterministic = True
	    title = Must have scanned less than 70% of the target body., deterministic = False
	    hideChildren = False, deterministic = True
	    targetBody = Minmus (CelestialBody), deterministic = False
	    checkOnActiveContract = False, deterministic = True
	    invertRequirement = False, deterministic = True
	    minCoverage = 0, deterministic = True
	    maxCoverage = 70, deterministic = False
	    scanType = FuzzyResources, deterministic = True
	
	Orbit
	    type = Orbit, deterministic = True
	    name = Orbit, deterministic = True
	    title = null, deterministic = True
	    hideChildren = False, deterministic = True
	    targetBody = Kerbin (CelestialBody), deterministic = True
	    checkOnActiveContract = False, deterministic = True
	    invertRequirement = False, deterministic = True
	    checkType = null, deterministic = True
	
	PartUnlocked
	    type = PartUnlocked, deterministic = True
	    name = PartUnlocked, deterministic = True
	    title = null, deterministic = True
	    hideChildren = False, deterministic = True
	    targetBody = Minmus (CelestialBody), deterministic = False
	    checkOnActiveContract = False, deterministic = True
	    invertRequirement = False, deterministic = True
	    part = [ SurveyScanner ], deterministic = True
	

Output log:
[INFO] ContractConfigurator.ContractType: Loading CONTRACT_TYPE: 'SCAN_M700'
[WARNING] ContractConfigurator.ContractType: CONTRACT_TYPE 'SCAN_M700': unexpected attribute 'motivation' found, ignored.
[INFO] ContractConfigurator.ContractType: Successfully loaded CONTRACT_TYPE 'SCAN_M700'
