Debug information for CONTRACT_TYPE 'SCAN_NarrowBand':

Configuration:
CONTRACT_TYPE
{
	prestige = Exceptional
	prestige = Significant
	advanceFunds = Random(5000, 15000.0)
	failureFunds = Random(1000, 10000.0)
	failureReputation = 1
	rewardFunds = Random(60000, 80000.0)
	rewardReputation = 1
	rewardScience = 0
	targetBody = @/targetBody5
	autoAccept = false
	declinable = true
	cancellable = true
	deadline = Random(400, 600) * @/targetBody5.Multiplier()
	maxExpiry = 7
	minExpiry = 1
	completedMessage = Look at all that lovely Ore. We'll have to get a survey team together!
	synopsis = Scan @/targetBody5 with the M4435 Narrow-Band Scanner
	notes = Scanning can take place while the vessel is not loaded.
	agent = SCAN: Scientific Committee on Advanced Navigation
	motivation = Scanning
	subject = Kerbal
	topic = Science
	group = ScanSatOfficial
	genericTitle = Scan a body for Ore.
	title = Scan @/targetBody5 for Ore
	name = SCAN_NarrowBand
	DATA
	{
		title = Must have orbited the target body.
		targetBody5 = Prestige() == Significant ? @ScanSatOfficial:p2Bodies.SelectUnique() : @ScanSatOfficial:p3Bodies.SelectUnique()
		uniquenessCheck = CONTRACT_ALL
		requiredValue = true
		type = CelestialBody
	}
	DATA
	{
		minScan5 = 80 + @diffModifier5
		scanRequired5 = 85 + @diffModifier5
		diffModifier5 = Prestige() == Significant ? 0 : 10
		type = double
	}
	PARAMETER
	{
		scanType = Ore
		coverage = @/scanRequired5
		targetBody = @/targetBody5
		type = SCANsatCoverage
		name = SCANsatCoverage
	}
	REQUIREMENT
	{
		title = Must have scanned less than @/minScan5% of the target body.
		scanType = Ore
		maxCoverage = @/minScan5
		minCoverage = 0.0
		targetBody = @/targetBody5
		type = SCANsatCoverage
		name = SCANsatCoverage
	}
	REQUIREMENT
	{
		targetBody = HomeWorld()
		type = Orbit
		name = Orbit
	}
	REQUIREMENT
	{
		targetBody = @/targetBody
		part = OrbitalScanner
		type = PartUnlocked
		name = PartUnlocked
	}
}

Data Nodes:
SCAN_NarrowBand
    ScanSatOfficial:name = ScanSatOfficial, deterministic = True
    ScanSatOfficial:displayName = ScanSat Official, deterministic = True
    ScanSatOfficial:minVersion = 1.15.0, deterministic = True
    ScanSatOfficial:maxCompletions = 0, deterministic = True
    ScanSatOfficial:maxSimultaneous = 3, deterministic = True
    ScanSatOfficial:disabledContractType = [], deterministic = True
    ScanSatOfficial:agent = Contracts.Agents.Agent, deterministic = True
    ScanSatOfficial:sortKey = ScanSat Official, deterministic = True
    ScanSatOfficial:tip = , deterministic = True
    ScanSatOfficial:p1Bodies = [ Kerbin (CelestialBody), Mun (CelestialBody), Minmus (CelestialBody) ], deterministic = True
    ScanSatOfficial:p2Bodies = [], deterministic = False
    ScanSatOfficial:p3Bodies = [], deterministic = False
    name = SCAN_NarrowBand, deterministic = True
    trace = False, deterministic = True
    title = Scan  for Ore, deterministic = False
    tag = , deterministic = True
    description = null, deterministic = True
    topic = Science, deterministic = True
    subject = Kerbal, deterministic = True
    notes = Scanning can take place while the vessel is not loaded., deterministic = True
    synopsis = Scan  with the M4435 Narrow-Band Scanner, deterministic = False
    completedMessage = Look at all that lovely Ore. We'll have to get a survey team together!, deterministic = True
    agent = Contracts.Agents.Agent, deterministic = True
    minExpiry = 1, deterministic = True
    maxExpiry = 7, deterministic = True
    deadline = 534.1337, deterministic = False
    cancellable = True, deterministic = True
    declinable = True, deterministic = True
    autoAccept = False, deterministic = True
    prestige = [ Significant, Exceptional ], deterministic = True
    targetBody = null, deterministic = False
    maxCompletions = 0, deterministic = True
    maxSimultaneous = 4, deterministic = True
    rewardFunds = 63096.38, deterministic = False
    rewardReputation = 1, deterministic = True
    rewardScience = 0, deterministic = True
    failureFunds = 8389.106, deterministic = False
    failureReputation = 1, deterministic = True
    advanceFunds = 7904.944, deterministic = False
    targetBody5 = null, deterministic = False
    diffModifier5 = 10, deterministic = False
    scanRequired5 = 95, deterministic = False
    minScan5 = 90, deterministic = False
    genericTitle = Scan a body for Ore., deterministic = True
    genericDescription = null, deterministic = True
    sortKey = Scan a body for Ore., deterministic = True

	SCANsatCoverage
	    type = SCANsatCoverage, deterministic = True
	    name = SCANsatCoverage, deterministic = True
	    targetBody = null, deterministic = False
	    rewardFunds = 0, deterministic = True
	    rewardReputation = 0, deterministic = True
	    rewardScience = 0, deterministic = True
	    failureFunds = 0, deterministic = True
	    failureReputation = 0, deterministic = True
	    optional = False, deterministic = True
	    disableOnStateChange = null, deterministic = True
	    completeInSequence = False, deterministic = True
	    hidden = False, deterministic = True
	    hideChildren = False, deterministic = True
	    title = null, deterministic = True
	    notes = null, deterministic = True
	    completedMessage = null, deterministic = True
	    coverage = 95, deterministic = False
	    scanType = Ore, deterministic = True
	
	SCANsatCoverage_1
	    type = SCANsatCoverage, deterministic = True
	    name = SCANsatCoverage, deterministic = True
	    title = Must have scanned less than 90% of the target body., deterministic = False
	    hideChildren = False, deterministic = True
	    targetBody = null, deterministic = False
	    checkOnActiveContract = False, deterministic = True
	    invertRequirement = False, deterministic = True
	    minCoverage = 0, deterministic = True
	    maxCoverage = 90, deterministic = False
	    scanType = Ore, deterministic = True
	
	Orbit
	    type = Orbit, deterministic = True
	    name = Orbit, deterministic = True
	    title = null, deterministic = True
	    hideChildren = False, deterministic = True
	    targetBody = Kerbin (CelestialBody), deterministic = True
	    checkOnActiveContract = False, deterministic = True
	    invertRequirement = False, deterministic = True
	    checkType = null, deterministic = True
	
	PartUnlocked
	    type = PartUnlocked, deterministic = True
	    name = PartUnlocked, deterministic = True
	    title = null, deterministic = True
	    hideChildren = False, deterministic = True
	    targetBody = null, deterministic = False
	    checkOnActiveContract = False, deterministic = True
	    invertRequirement = False, deterministic = True
	    part = [ OrbitalScanner ], deterministic = True
	

Output log:
[INFO] ContractConfigurator.ContractType: Loading CONTRACT_TYPE: 'SCAN_NarrowBand'
[WARNING] ContractConfigurator.ContractType: CONTRACT_TYPE 'SCAN_NarrowBand': unexpected attribute 'motivation' found, ignored.
[INFO] ContractConfigurator.ContractType: Successfully loaded CONTRACT_TYPE 'SCAN_NarrowBand'
