Debug information for CONTRACT_TYPE 'SCAN_HiRes':

Configuration:
CONTRACT_TYPE
{
	prestige = Exceptional
	prestige = Significant
	advanceFunds = Random(5000, 15000.0)
	failureFunds = Random(1000, 10000.0)
	failureReputation = 1
	rewardFunds = Random(60000, 80000.0)
	rewardReputation = 1
	rewardScience = 0
	targetBody = @/targetBody3
	autoAccept = false
	declinable = true
	cancellable = true
	deadline = Random(400, 600) * @/targetBody3.Multiplier()
	maxExpiry = 7
	minExpiry = 1
	completedMessage = HD Imaging is a wonderful thing. We now have a detailed map of @/targetBody3
	synopsis = Perform a SAR scan of @/targetBody3
	notes = Scanning can take place while the vessel is not loaded.
	motivation = Scanning
	subject = Kerbal
	topic = Science
	agent = SCAN: Scientific Committee on Advanced Navigation
	group = ScanSatOfficial
	genericTitle = Do a High Resolution Scan of a body.
	title = Do a High Resolution Scan of @/targetBody3
	name = SCAN_HiRes
	DATA
	{
		title = Must have orbited the target body.
		targetBody3 = Prestige() == Significant ? @ScanSatOfficial:p2Bodies.SelectUnique() : @ScanSatOfficial:p3Bodies.SelectUnique()
		uniquenessCheck = CONTRACT_ALL
		requiredValue = true
		type = CelestialBody
	}
	DATA
	{
		minScan3 = 80 + @diffModifier3
		scanRequired3 = 85 + @diffModifier3
		diffModifier3 = Prestige() == Significant ? 0 : 10
		type = double
	}
	PARAMETER
	{
		scanType = AltimetryHiRes
		coverage = @/scanRequired3
		targetBody = @/targetBody3
		type = SCANsatCoverage
		name = SCANsatCoverage
	}
	REQUIREMENT
	{
		title = Must have scanned less than @/minScan3% of the target body.
		scanType = AltimetryHiRes
		maxCoverage = @/minScan3
		minCoverage = 0.0
		targetBody = @/targetBody3
		type = SCANsatCoverage
		name = SCANsatCoverage
	}
	REQUIREMENT
	{
		targetBody = HomeWorld()
		type = Orbit
		name = Orbit
	}
	REQUIREMENT
	{
		targetBody = @/targetBody
		part = SCANsat_Scanner2
		type = PartUnlocked
		name = PartUnlocked
	}
}

Data Nodes:
SCAN_HiRes
    ScanSatOfficial:name = ScanSatOfficial, deterministic = True
    ScanSatOfficial:displayName = ScanSat Official, deterministic = True
    ScanSatOfficial:minVersion = 1.15.0, deterministic = True
    ScanSatOfficial:maxCompletions = 0, deterministic = True
    ScanSatOfficial:maxSimultaneous = 3, deterministic = True
    ScanSatOfficial:disabledContractType = [], deterministic = True
    ScanSatOfficial:agent = Contracts.Agents.Agent, deterministic = True
    ScanSatOfficial:sortKey = ScanSat Official, deterministic = True
    ScanSatOfficial:tip = , deterministic = True
    ScanSatOfficial:p1Bodies = [ Kerbin (CelestialBody), Mun (CelestialBody), Minmus (CelestialBody) ], deterministic = True
    ScanSatOfficial:p2Bodies = [], deterministic = False
    ScanSatOfficial:p3Bodies = [], deterministic = False
    name = SCAN_HiRes, deterministic = True
    trace = False, deterministic = True
    title = Do a High Resolution Scan of , deterministic = False
    tag = , deterministic = True
    description = null, deterministic = True
    topic = Science, deterministic = True
    subject = Kerbal, deterministic = True
    notes = Scanning can take place while the vessel is not loaded., deterministic = True
    synopsis = Perform a SAR scan of , deterministic = False
    completedMessage = HD Imaging is a wonderful thing. We now have a detailed map of , deterministic = False
    agent = Contracts.Agents.Agent, deterministic = True
    minExpiry = 1, deterministic = True
    maxExpiry = 7, deterministic = True
    deadline = 470.7327, deterministic = False
    cancellable = True, deterministic = True
    declinable = True, deterministic = True
    autoAccept = False, deterministic = True
    prestige = [ Significant, Exceptional ], deterministic = True
    targetBody = null, deterministic = False
    maxCompletions = 0, deterministic = True
    maxSimultaneous = 4, deterministic = True
    rewardFunds = 60528.32, deterministic = False
    rewardReputation = 1, deterministic = True
    rewardScience = 0, deterministic = True
    failureFunds = 9985.297, deterministic = False
    failureReputation = 1, deterministic = True
    advanceFunds = 11060.97, deterministic = False
    targetBody3 = null, deterministic = False
    diffModifier3 = 10, deterministic = False
    scanRequired3 = 95, deterministic = False
    minScan3 = 90, deterministic = False
    genericTitle = Do a High Resolution Scan of a body., deterministic = True
    genericDescription = null, deterministic = True
    sortKey = Do a High Resolution Scan of a body., deterministic = True

	SCANsatCoverage
	    type = SCANsatCoverage, deterministic = True
	    name = SCANsatCoverage, deterministic = True
	    targetBody = null, deterministic = False
	    rewardFunds = 0, deterministic = True
	    rewardReputation = 0, deterministic = True
	    rewardScience = 0, deterministic = True
	    failureFunds = 0, deterministic = True
	    failureReputation = 0, deterministic = True
	    optional = False, deterministic = True
	    disableOnStateChange = null, deterministic = True
	    completeInSequence = False, deterministic = True
	    hidden = False, deterministic = True
	    hideChildren = False, deterministic = True
	    title = null, deterministic = True
	    notes = null, deterministic = True
	    completedMessage = null, deterministic = True
	    coverage = 95, deterministic = False
	    scanType = AltimetryHiRes, deterministic = True
	
	SCANsatCoverage_1
	    type = SCANsatCoverage, deterministic = True
	    name = SCANsatCoverage, deterministic = True
	    title = Must have scanned less than 90% of the target body., deterministic = False
	    hideChildren = False, deterministic = True
	    targetBody = null, deterministic = False
	    checkOnActiveContract = False, deterministic = True
	    invertRequirement = False, deterministic = True
	    minCoverage = 0, deterministic = True
	    maxCoverage = 90, deterministic = False
	    scanType = AltimetryHiRes, deterministic = True
	
	Orbit
	    type = Orbit, deterministic = True
	    name = Orbit, deterministic = True
	    title = null, deterministic = True
	    hideChildren = False, deterministic = True
	    targetBody = Kerbin (CelestialBody), deterministic = True
	    checkOnActiveContract = False, deterministic = True
	    invertRequirement = False, deterministic = True
	    checkType = null, deterministic = True
	
	PartUnlocked
	    type = PartUnlocked, deterministic = True
	    name = PartUnlocked, deterministic = True
	    title = null, deterministic = True
	    hideChildren = False, deterministic = True
	    targetBody = null, deterministic = False
	    checkOnActiveContract = False, deterministic = True
	    invertRequirement = False, deterministic = True
	    part = [ SCANsat.Scanner2 ], deterministic = True
	

Output log:
[INFO] ContractConfigurator.ContractType: Loading CONTRACT_TYPE: 'SCAN_HiRes'
[WARNING] ContractConfigurator.ContractType: CONTRACT_TYPE 'SCAN_HiRes': unexpected attribute 'motivation' found, ignored.
[INFO] ContractConfigurator.ContractType: Successfully loaded CONTRACT_TYPE 'SCAN_HiRes'
