Debug information for CONTRACT_TYPE 'SCAN_Biome':

Configuration:
CONTRACT_TYPE
{
	prestige = Significant
	prestige = Trivial
	advanceFunds = Random(2000, 10000.0)
	failureFunds = Random(1000, 10000.0)
	failureReputation = 1
	rewardFunds = Random(40000, 60000.0)
	rewardReputation = 1
	rewardScience = 0
	targetBody = @/targetBody2
	autoAccept = false
	declinable = true
	cancellable = true
	deadline = Random(300, 500) * @/targetBody2.Multiplier()
	maxExpiry = 7
	minExpiry = 1
	completedMessage = Stunning, through the advances with this scanner we have identified several different biomes for further study.
	synopsis = Perform a MultiSpectral scan of @/targetBody2
	notes = Scanning can take place while the vessel is not loaded.
	motivation = Scanning
	subject = Kerbal
	topic = Science
	agent = SCAN: Scientific Committee on Advanced Navigation
	group = ScanSatOfficial
	genericTitle = Do a Biome Scan of a body.
	title = Do a Biome Scan of @/targetBody2
	name = SCAN_Biome
	DATA
	{
		title = Must have orbited the target body.
		targetBody2 = Prestige() == Trivial ? @ScanSatOfficial:p1Bodies.SelectUnique() : @ScanSatOfficial:p2Bodies.SelectUnique()
		uniquenessCheck = CONTRACT_ALL
		requiredValue = true
		type = CelestialBody
	}
	DATA
	{
		minScan2 = 70 + @diffModifier2
		scanRequired2 = 75 + @diffModifier2
		diffModifier2 = Prestige() == Trivial ? 0 : 10
		type = double
	}
	PARAMETER
	{
		scanType = Biome
		coverage = @/scanRequired2
		targetBody = @/targetBody2
		type = SCANsatCoverage
		name = SCANsatCoverage
	}
	REQUIREMENT
	{
		title = Must have scanned less than @/minScan2% of the target body.
		scanType = Biome
		maxCoverage = @/minScan2
		minCoverage = 0.0
		targetBody = @/targetBody2
		type = SCANsatCoverage
		name = SCANsatCoverage
	}
	REQUIREMENT
	{
		targetBody = HomeWorld()
		type = Orbit
		name = Orbit
	}
	REQUIREMENT
	{
		targetBody = @/targetBody
		part = SCANsat_Scanner24
		type = PartUnlocked
		name = PartUnlocked
	}
}

Data Nodes:
SCAN_Biome
    ScanSatOfficial:name = ScanSatOfficial, deterministic = True
    ScanSatOfficial:displayName = ScanSat Official, deterministic = True
    ScanSatOfficial:minVersion = 1.15.0, deterministic = True
    ScanSatOfficial:maxCompletions = 0, deterministic = True
    ScanSatOfficial:maxSimultaneous = 3, deterministic = True
    ScanSatOfficial:disabledContractType = [], deterministic = True
    ScanSatOfficial:agent = Contracts.Agents.Agent, deterministic = True
    ScanSatOfficial:sortKey = ScanSat Official, deterministic = True
    ScanSatOfficial:tip = , deterministic = True
    ScanSatOfficial:p1Bodies = [ Kerbin (CelestialBody), Mun (CelestialBody), Minmus (CelestialBody) ], deterministic = True
    ScanSatOfficial:p2Bodies = [], deterministic = False
    ScanSatOfficial:p3Bodies = [], deterministic = False
    name = SCAN_Biome, deterministic = True
    trace = False, deterministic = True
    title = Do a Biome Scan of Minmus, deterministic = False
    tag = , deterministic = True
    description = null, deterministic = True
    topic = Science, deterministic = True
    subject = Kerbal, deterministic = True
    notes = Scanning can take place while the vessel is not loaded., deterministic = True
    synopsis = Perform a MultiSpectral scan of Minmus, deterministic = False
    completedMessage = Stunning, through the advances with this scanner we have identified several different biomes for further study., deterministic = True
    agent = Contracts.Agents.Agent, deterministic = True
    minExpiry = 1, deterministic = True
    maxExpiry = 7, deterministic = True
    deadline = 842.3188, deterministic = False
    cancellable = True, deterministic = True
    declinable = True, deterministic = True
    autoAccept = False, deterministic = True
    prestige = [ Trivial, Significant ], deterministic = True
    targetBody = Minmus (CelestialBody), deterministic = False
    maxCompletions = 0, deterministic = True
    maxSimultaneous = 4, deterministic = True
    rewardFunds = 52734.14, deterministic = False
    rewardReputation = 1, deterministic = True
    rewardScience = 0, deterministic = True
    failureFunds = 5170.13, deterministic = False
    failureReputation = 1, deterministic = True
    advanceFunds = 5299.867, deterministic = False
    targetBody2 = Minmus (CelestialBody), deterministic = False
    diffModifier2 = 0, deterministic = False
    scanRequired2 = 75, deterministic = False
    minScan2 = 70, deterministic = False
    genericTitle = Do a Biome Scan of a body., deterministic = True
    genericDescription = null, deterministic = True
    sortKey = Do a Biome Scan of a body., deterministic = True

	SCANsatCoverage
	    type = SCANsatCoverage, deterministic = True
	    name = SCANsatCoverage, deterministic = True
	    targetBody = Minmus (CelestialBody), deterministic = False
	    rewardFunds = 0, deterministic = True
	    rewardReputation = 0, deterministic = True
	    rewardScience = 0, deterministic = True
	    failureFunds = 0, deterministic = True
	    failureReputation = 0, deterministic = True
	    optional = False, deterministic = True
	    disableOnStateChange = null, deterministic = True
	    completeInSequence = False, deterministic = True
	    hidden = False, deterministic = True
	    hideChildren = False, deterministic = True
	    title = null, deterministic = True
	    notes = null, deterministic = True
	    completedMessage = null, deterministic = True
	    coverage = 75, deterministic = False
	    scanType = Biome, deterministic = True
	
	SCANsatCoverage_1
	    type = SCANsatCoverage, deterministic = True
	    name = SCANsatCoverage, deterministic = True
	    title = Must have scanned less than 70% of the target body., deterministic = False
	    hideChildren = False, deterministic = True
	    targetBody = Minmus (CelestialBody), deterministic = False
	    checkOnActiveContract = False, deterministic = True
	    invertRequirement = False, deterministic = True
	    minCoverage = 0, deterministic = True
	    maxCoverage = 70, deterministic = False
	    scanType = Biome, deterministic = True
	
	Orbit
	    type = Orbit, deterministic = True
	    name = Orbit, deterministic = True
	    title = null, deterministic = True
	    hideChildren = False, deterministic = True
	    targetBody = Kerbin (CelestialBody), deterministic = True
	    checkOnActiveContract = False, deterministic = True
	    invertRequirement = False, deterministic = True
	    checkType = null, deterministic = True
	
	PartUnlocked
	    type = PartUnlocked, deterministic = True
	    name = PartUnlocked, deterministic = True
	    title = null, deterministic = True
	    hideChildren = False, deterministic = True
	    targetBody = Minmus (CelestialBody), deterministic = False
	    checkOnActiveContract = False, deterministic = True
	    invertRequirement = False, deterministic = True
	    part = [ SCANsat.Scanner24 ], deterministic = True
	

Output log:
[INFO] ContractConfigurator.ContractType: Loading CONTRACT_TYPE: 'SCAN_Biome'
[WARNING] ContractConfigurator.ContractType: CONTRACT_TYPE 'SCAN_Biome': unexpected attribute 'motivation' found, ignored.
[INFO] ContractConfigurator.ContractType: Successfully loaded CONTRACT_TYPE 'SCAN_Biome'
